<?xml version="1.0" encoding="UTF-8"?>
<!-- Generated by org.testng.reporters.JUnitReportReporter -->
<testsuite hostname="IN-FHRY9K3" failures="0" tests="1" name="Runner.TestRunner" time="42.972" errors="0" timestamp="31 Jul 2022 17:06:55 GMT" skipped="0">
  <testcase classname="Runner.TestRunner" name="feature" time="42.972"/>
</testsuite> <!-- Runner.TestRunner -->
